<?xml version="1.0" encoding="UTF-8"?>
<!-- Generated by org.testng.reporters.JUnitReportReporter -->
<testsuite skipped="0" hostname="DESKTOP-HAC2EQ0" name="Test_Script.Test_ChaldalHomePage" tests="3" failures="0" timestamp="2022-10-05T19:04:01 BDT" time="76.049" errors="0">
  <testcase name="test_logo_image" time="29.357" classname="Test_Script.Test_ChaldalHomePage"/>
  <system-out/>
  <testcase name="test_popular_product_count_shows_products_name" time="30.053" classname="Test_Script.Test_ChaldalHomePage"/>
  <system-out/>
  <testcase name="test_exchange_language" time="16.639" classname="Test_Script.Test_ChaldalHomePage"/>
  <system-out/>
</testsuite> <!-- Test_Script.Test_ChaldalHomePage -->
