<?xml version="1.0" encoding="UTF-8"?>
<!-- Generated by org.testng.reporters.JUnitReportReporter -->
<testsuite skipped="0" hostname="DESKTOP-HAC2EQ0" name="Test_Script.Test_Product_UK" tests="1" failures="0" timestamp="2022-11-03T19:11:41 BDT" time="175.565" errors="0">
  <testcase name="test_product" time="175.565" classname="Test_Script.Test_Product_UK"/>
  <system-out/>
</testsuite> <!-- Test_Script.Test_Product_UK -->
